<?xml version="1.0" encoding="UTF-8"?>
<testng-results ignored="0" total="1" passed="1" failed="0" skipped="0">
  <reporter-output>
  </reporter-output>
  <suite started-at="2022-01-20T03:56:29 EST" name="Default suite" finished-at="2022-01-20T03:56:33 EST" duration-ms="4019">
    <groups>
    </groups>
    <test started-at="2022-01-20T03:56:29 EST" name="Default test" finished-at="2022-01-20T03:56:33 EST" duration-ms="4019">
      <class name="autoTestPackage.AutoTest">
        <test-method is-config="true" signature="setUp()[pri:0, instance:autoTestPackage.AutoTest@3cebbb30]" started-at="2022-01-20T03:56:29 EST" name="setUp" finished-at="2022-01-20T03:56:33 EST" duration-ms="3752" status="PASS">
          <reporter-output>
          </reporter-output>
        </test-method> <!-- setUp -->
        <test-method signature="autoTest()[pri:0, instance:autoTestPackage.AutoTest@3cebbb30]" started-at="2022-01-20T03:56:33 EST" name="autoTest" finished-at="2022-01-20T03:56:33 EST" duration-ms="227" status="PASS">
          <reporter-output>
          </reporter-output>
        </test-method> <!-- autoTest -->
      </class> <!-- autoTestPackage.AutoTest -->
    </test> <!-- Default test -->
  </suite> <!-- Default suite -->
</testng-results>
